<?xml version="1.0" encoding="UTF-8"?>
<!-- Generated by org.testng.reporters.JUnitXMLReporter -->
<testsuite ignored="0" hostname="DESKTOP-FKH366F" failures="0" tests="6" name="OrionTimeSheet_Chrome_Test_PreApprovedTimeSheet_CancelFunctionality" time="13.809" errors="0" timestamp="17 May 2018 18:40:47 GMT">
  <testcase classname="com.orion.qa.testcases.Test_PreApprovedTimeSheet_CancelFunctionality" name="Test_LoginToOrion_IsSuccess" time="0.977"/>
  <testcase classname="com.orion.qa.testcases.Test_PreApprovedTimeSheet_CancelFunctionality" name="Test_IfEditTimeSheetPage_Isdisplayed" time="1.524"/>
  <testcase classname="com.orion.qa.testcases.Test_PreApprovedTimeSheet_CancelFunctionality" name="Test_CancelButton_IsDisplayed" time="0.055"/>
  <testcase classname="com.orion.qa.testcases.Test_PreApprovedTimeSheet_CancelFunctionality" name="Test_CancelButton_InjectTestDataandVerify" time="1.018"/>
  <testcase classname="com.orion.qa.testcases.Test_PreApprovedTimeSheet_CancelFunctionality" name="Test_IfUpdatedDataisCancelled" time="0.452"/>
  <testcase classname="com.orion.qa.testcases.Test_PreApprovedTimeSheet_CancelFunctionality" name="Test_LogoutfromOrion_IsSuccess" time="0.336"/>
</testsuite> <!-- OrionTimeSheet_Chrome_Test_PreApprovedTimeSheet_CancelFunctionality -->
