<?xml version="1.0" encoding="UTF-8"?>
<!-- Generated by org.testng.reporters.JUnitXMLReporter -->
<testsuite ignored="0" hostname="DESKTOP-FKH366F" failures="1" tests="6" name="OrionTimeSheet_Chrome_Test_PreApprovedTimeSheet_CancelFunctionality" time="22.268" errors="0" timestamp="21 May 2018 15:51:26 GMT">
  <testcase classname="com.orion.qa.testcases.Test_PreApprovedTimeSheet_CancelFunctionality" name="@AfterClass CloseObjects" time="0.0">
    <failure type="java.lang.NullPointerException">
      <![CDATA[java.lang.NullPointerException
	at com.orion.qa.base.OrionBase.CloseBrowser(OrionBase.java:176)
	at com.orion.qa.testcases.Test_PreApprovedTimeSheet_CancelFunctionality.CloseObjects(Test_PreApprovedTimeSheet_CancelFunctionality.java:56)
... Removed 25 stack frames]]>
    </failure>
  </testcase> <!-- @AfterClass CloseObjects -->
  <testcase classname="com.orion.qa.testcases.Test_PreApprovedTimeSheet_CancelFunctionality" name="Test_LoginToOrion_IsSuccess" time="0.088"/>
  <testcase classname="com.orion.qa.testcases.Test_PreApprovedTimeSheet_CancelFunctionality" name="Test_IfEditTimeSheetPage_Isdisplayed" time="0.3">
    <failure type="java.lang.NullPointerException">
      <![CDATA[java.lang.NullPointerException
	at com.orion.qa.testcases.Test_PreApprovedTimeSheet_CancelFunctionality.SetTimePeriod(Test_PreApprovedTimeSheet_CancelFunctionality.java:194)
	at com.orion.qa.testcases.Test_PreApprovedTimeSheet_CancelFunctionality.Test_IfEditTimeSheetPage_Isdisplayed(Test_PreApprovedTimeSheet_CancelFunctionality.java:97)
... Removed 25 stack frames]]>
    </failure>
  </testcase> <!-- Test_IfEditTimeSheetPage_Isdisplayed -->
  <testcase classname="com.orion.qa.testcases.Test_PreApprovedTimeSheet_CancelFunctionality" name="Test_CancelButton_IsDisplayed" time="0.0">
    <skipped/>
  </testcase> <!-- Test_CancelButton_IsDisplayed -->
  <testcase classname="com.orion.qa.testcases.Test_PreApprovedTimeSheet_CancelFunctionality" name="Test_CancelButton_InjectTestDataandVerify" time="0.0">
    <skipped/>
  </testcase> <!-- Test_CancelButton_InjectTestDataandVerify -->
  <testcase classname="com.orion.qa.testcases.Test_PreApprovedTimeSheet_CancelFunctionality" name="Test_IfUpdatedDataisCancelled" time="0.0">
    <skipped/>
  </testcase> <!-- Test_IfUpdatedDataisCancelled -->
  <testcase classname="com.orion.qa.testcases.Test_PreApprovedTimeSheet_CancelFunctionality" name="Test_LogoutfromOrion_IsSuccess" time="0.0">
    <skipped/>
  </testcase> <!-- Test_LogoutfromOrion_IsSuccess -->
</testsuite> <!-- OrionTimeSheet_Chrome_Test_PreApprovedTimeSheet_CancelFunctionality -->
