<?xml version="1.0" encoding="UTF-8"?>
<!-- Generated by org.testng.reporters.JUnitXMLReporter -->
<testsuite ignored="0" hostname="DESKTOP-FKH366F" failures="0" tests="6" name="OrionTimeSheet_Chrome_Test_NewTimeSheet_SaveFunctionality" time="21.115" errors="0" timestamp="22 Jun 2018 15:44:42 GMT">
  <testcase classname="com.orion.qa.testcases.Test_NewTimeSheet_SaveFunctionality" name="Test_LoginToOrion_IsSuccess" time="1.81"/>
  <testcase classname="com.orion.qa.testcases.Test_NewTimeSheet_SaveFunctionality" name="Test_IfNewTimeSheetPage_Isdisplayed" time="1.807"/>
  <testcase classname="com.orion.qa.testcases.Test_NewTimeSheet_SaveFunctionality" name="Test_IfSaveMessage_IsDisplayed" time="3.597"/>
  <testcase classname="com.orion.qa.testcases.Test_NewTimeSheet_SaveFunctionality" name="Test_VerifyTimeSheetMainPageisDisplayed" time="0.431"/>
  <testcase classname="com.orion.qa.testcases.Test_NewTimeSheet_SaveFunctionality" name="Test_IfDataSavedCorrectly" time="4.182"/>
  <testcase classname="com.orion.qa.testcases.Test_NewTimeSheet_SaveFunctionality" name="Test_LogoutfromOrion_IsSuccess" time="0.414"/>
</testsuite> <!-- OrionTimeSheet_Chrome_Test_NewTimeSheet_SaveFunctionality -->
