<?xml version="1.0" encoding="UTF-8"?>
<testng-results ignored="0" total="5" passed="5" failed="0" skipped="0">
  <reporter-output>
  </reporter-output>
  <suite started-at="2018-05-03T18:20:23Z" name="Orion TimeSheet Automation Test Suite" finished-at="2018-05-03T18:20:57Z" duration-ms="33821">
    <groups>
    </groups>
    <test started-at="2018-05-03T18:20:23Z" name="OrionTimeSheet_Chrome_Test_NewTimeSheet_SubmitFunctionality" finished-at="2018-05-03T18:20:57Z" duration-ms="33821">
      <class name="com.orion.qa.testcases.Test_NewTimeSheet_SubmitFunctionality">
        <test-method is-config="true" signature="InitObjects(java.lang.String)[pri:0, instance:com.orion.qa.testcases.Test_NewTimeSheet_SubmitFunctionality@339bf286]" started-at="2018-05-03T14:20:23Z" name="InitObjects" finished-at="2018-05-03T14:20:33Z" duration-ms="9831" status="PASS">
          <params>
            <param index="0">
              <value>
                <![CDATA[chrome]]>
              </value>
            </param>
          </params>
          <reporter-output>
          </reporter-output>
        </test-method> <!-- InitObjects -->
        <test-method signature="Test_LoginToOrion_IsSuccess(java.lang.String, java.lang.String)[pri:1, instance:com.orion.qa.testcases.Test_NewTimeSheet_SubmitFunctionality@339bf286]" started-at="2018-05-03T14:20:33Z" name="Test_LoginToOrion_IsSuccess" data-provider="credentials" finished-at="2018-05-03T14:20:34Z" duration-ms="714" status="PASS">
          <params>
            <param index="0">
              <value>
                <![CDATA[john]]>
              </value>
            </param>
            <param index="1">
              <value>
                <![CDATA[infomatics@123]]>
              </value>
            </param>
          </params>
          <reporter-output>
          </reporter-output>
        </test-method> <!-- Test_LoginToOrion_IsSuccess -->
        <test-method signature="Test_IfNewTimeSheetPage_Isdisplayed()[pri:2, instance:com.orion.qa.testcases.Test_NewTimeSheet_SubmitFunctionality@339bf286]" started-at="2018-05-03T14:20:34Z" name="Test_IfNewTimeSheetPage_Isdisplayed" finished-at="2018-05-03T14:20:36Z" depends-on-methods="com.orion.qa.testcases.Test_NewTimeSheet_SubmitFunctionality.Test_LoginToOrion_IsSuccess" duration-ms="2024" status="PASS">
          <reporter-output>
          </reporter-output>
        </test-method> <!-- Test_IfNewTimeSheetPage_Isdisplayed -->
        <test-method signature="Test_IfSubmitMessage_IsDisplayed()[pri:3, instance:com.orion.qa.testcases.Test_NewTimeSheet_SubmitFunctionality@339bf286]" started-at="2018-05-03T14:20:36Z" name="Test_IfSubmitMessage_IsDisplayed" finished-at="2018-05-03T14:20:41Z" depends-on-methods="com.orion.qa.testcases.Test_NewTimeSheet_SubmitFunctionality.Test_IfNewTimeSheetPage_Isdisplayed" duration-ms="4564" status="PASS">
          <reporter-output>
          </reporter-output>
        </test-method> <!-- Test_IfSubmitMessage_IsDisplayed -->
        <test-method signature="Test_IfDataSubmittedCorrectly()[pri:4, instance:com.orion.qa.testcases.Test_NewTimeSheet_SubmitFunctionality@339bf286]" started-at="2018-05-03T14:20:41Z" name="Test_IfDataSubmittedCorrectly" finished-at="2018-05-03T14:20:56Z" depends-on-methods="com.orion.qa.testcases.Test_NewTimeSheet_SubmitFunctionality.Test_IfSubmitMessage_IsDisplayed" duration-ms="15343" status="PASS">
          <reporter-output>
          </reporter-output>
        </test-method> <!-- Test_IfDataSubmittedCorrectly -->
        <test-method signature="Test_LogoutfromOrion_IsSuccess()[pri:5, instance:com.orion.qa.testcases.Test_NewTimeSheet_SubmitFunctionality@339bf286]" started-at="2018-05-03T14:20:56Z" name="Test_LogoutfromOrion_IsSuccess" finished-at="2018-05-03T14:20:56Z" depends-on-methods="com.orion.qa.testcases.Test_NewTimeSheet_SubmitFunctionality.Test_IfDataSubmittedCorrectly" duration-ms="385" status="PASS">
          <reporter-output>
          </reporter-output>
        </test-method> <!-- Test_LogoutfromOrion_IsSuccess -->
        <test-method is-config="true" signature="CloseObjects()[pri:0, instance:com.orion.qa.testcases.Test_NewTimeSheet_SubmitFunctionality@339bf286]" started-at="2018-05-03T14:20:56Z" name="CloseObjects" finished-at="2018-05-03T14:20:57Z" duration-ms="765" status="PASS">
          <reporter-output>
          </reporter-output>
        </test-method> <!-- CloseObjects -->
      </class> <!-- com.orion.qa.testcases.Test_NewTimeSheet_SubmitFunctionality -->
    </test> <!-- OrionTimeSheet_Chrome_Test_NewTimeSheet_SubmitFunctionality -->
  </suite> <!-- Orion TimeSheet Automation Test Suite -->
</testng-results>
