<?xml version="1.0" encoding="UTF-8"?>
<!-- Generated by org.testng.reporters.JUnitXMLReporter -->
<testsuite ignored="0" hostname="DESKTOP-FKH366F" failures="0" tests="4" name="OrionTimeSheet_Chrome_Test_RejectedTimeSheet_CancelFunctionality" time="15.135" errors="0" timestamp="17 May 2018 17:39:02 GMT">
  <testcase classname="com.orion.qa.testcases.Test_RejectedTimeSheet_CancelFunctionality" name="Test_LoginToOrion_IsSuccess" time="1.154"/>
  <testcase classname="com.orion.qa.testcases.Test_RejectedTimeSheet_CancelFunctionality" name="Test_IfEditTimeSheetPage_Isdisplayed" time="1.571"/>
  <testcase classname="com.orion.qa.testcases.Test_RejectedTimeSheet_CancelFunctionality" name="Test_IfDatanotSaved" time="3.454"/>
  <testcase classname="com.orion.qa.testcases.Test_RejectedTimeSheet_CancelFunctionality" name="Test_LogoutfromOrion_IsSuccess" time="0.441"/>
</testsuite> <!-- OrionTimeSheet_Chrome_Test_RejectedTimeSheet_CancelFunctionality -->
