<?xml version="1.0" encoding="UTF-8"?>
<!-- Generated by org.testng.reporters.JUnitXMLReporter -->
<testsuite ignored="0" hostname="DESKTOP-FKH366F" failures="0" tests="4" name="OrionTimeSheet_Chrome_Test_ApprovedTimeSheet_SaveFunctionality" time="40.918" errors="0" timestamp="17 May 2018 19:38:18 GMT">
  <testcase classname="com.orion.qa.testcases.Test_ApprovedTimeSheet_SaveFunctionality" name="Test_LoginToOrion_IsSuccess" time="0.882"/>
  <testcase classname="com.orion.qa.testcases.Test_ApprovedTimeSheet_SaveFunctionality" name="Test_IfEditTimeSheetPage_Isdisplayed" time="1.51"/>
  <testcase classname="com.orion.qa.testcases.Test_ApprovedTimeSheet_SaveFunctionality" name="Test_SaveButton_IsDisplayed" time="30.119"/>
  <testcase classname="com.orion.qa.testcases.Test_ApprovedTimeSheet_SaveFunctionality" name="Test_LogoutfromOrion_IsSuccess" time="0.39"/>
</testsuite> <!-- OrionTimeSheet_Chrome_Test_ApprovedTimeSheet_SaveFunctionality -->
