<?xml version="1.0" encoding="UTF-8"?>
<!-- Generated by org.testng.reporters.JUnitXMLReporter -->
<testsuite ignored="0" hostname="DESKTOP-FKH366F" failures="0" tests="4" name="OrionTimeSheet_Chrome_Test_ApprovedTimeSheet_SubmitFunctionality" time="41.155" errors="0" timestamp="17 May 2018 19:41:21 GMT">
  <testcase classname="com.orion.qa.testcases.Test_ApprovedTimeSheet_SubmitFunctionality" name="Test_LoginToOrion_IsSuccess" time="0.881"/>
  <testcase classname="com.orion.qa.testcases.Test_ApprovedTimeSheet_SubmitFunctionality" name="Test_IfEditTimeSheetPage_Isdisplayed" time="1.531"/>
  <testcase classname="com.orion.qa.testcases.Test_ApprovedTimeSheet_SubmitFunctionality" name="Test_SubmitButton_IsDisplayed" time="30.073"/>
  <testcase classname="com.orion.qa.testcases.Test_ApprovedTimeSheet_SubmitFunctionality" name="Test_LogoutfromOrion_IsSuccess" time="0.424"/>
</testsuite> <!-- OrionTimeSheet_Chrome_Test_ApprovedTimeSheet_SubmitFunctionality -->
