<?xml version="1.0" encoding="UTF-8"?>
<!-- Generated by org.testng.reporters.JUnitXMLReporter -->
<testsuite ignored="0" hostname="DESKTOP-FKH366F" failures="0" tests="4" name="OrionTimeSheet_Chrome_Test_DraftTimeSheet_CancelFunctionality" time="14.829" errors="0" timestamp="17 May 2018 15:30:21 GMT">
  <testcase classname="com.orion.qa.testcases.Test_DraftTimeSheet_CancelFunctionality" name="Test_LoginToOrion_IsSuccess" time="0.884"/>
  <testcase classname="com.orion.qa.testcases.Test_DraftTimeSheet_CancelFunctionality" name="Test_IfEditTimeSheetPage_Isdisplayed" time="1.631"/>
  <testcase classname="com.orion.qa.testcases.Test_DraftTimeSheet_CancelFunctionality" name="Test_IfDatanotSaved" time="3.287"/>
  <testcase classname="com.orion.qa.testcases.Test_DraftTimeSheet_CancelFunctionality" name="Test_LogoutfromOrion_IsSuccess" time="0.4"/>
</testsuite> <!-- OrionTimeSheet_Chrome_Test_DraftTimeSheet_CancelFunctionality -->
