<?xml version="1.0" encoding="UTF-8"?>
<!-- Generated by org.testng.reporters.JUnitXMLReporter -->
<testsuite ignored="0" hostname="DESKTOP-FKH366F" failures="0" tests="4" name="OrionTimeSheet_Chrome_Test_RejectedTimeSheet_SaveFunctionality" time="44.346" errors="0" timestamp="26 Apr 2018 19:47:09 GMT">
  <testcase classname="com.orion.qa.testcases.Test_RejectedTimeSheet_SaveFunctionality" name="Test_LoginToOrion_IsSuccess" time="1.649"/>
  <testcase classname="com.orion.qa.testcases.Test_RejectedTimeSheet_SaveFunctionality" name="Test_IfEditTimeSheetPage_Isdisplayed" time="1.457"/>
  <testcase classname="com.orion.qa.testcases.Test_RejectedTimeSheet_SaveFunctionality" name="Test_SaveButton_IsDisplayed" time="30.059"/>
  <testcase classname="com.orion.qa.testcases.Test_RejectedTimeSheet_SaveFunctionality" name="Test_LogoutfromOrion_IsSuccess" time="0.51"/>
</testsuite> <!-- OrionTimeSheet_Chrome_Test_RejectedTimeSheet_SaveFunctionality -->
