<?xml version="1.0" encoding="UTF-8"?>
<!-- Generated by org.testng.reporters.JUnitXMLReporter -->
<testsuite ignored="0" hostname="DESKTOP-FKH366F" failures="1" tests="7" name="OrionTimeSheet_Chrome_Test_SubmittedTimeSheet_SaveFunctionality" time="11.061" errors="0" timestamp="26 Apr 2018 19:33:49 GMT">
  <testcase classname="com.orion.qa.testcases.Test_SubmittedTimeSheet_SaveFunctionality" name="Test_LoginToOrion_IsSuccess" time="1.361"/>
  <testcase classname="com.orion.qa.testcases.Test_SubmittedTimeSheet_SaveFunctionality" name="Test_IfEditTimeSheetPage_Isdisplayed" time="1.35"/>
  <testcase classname="com.orion.qa.testcases.Test_SubmittedTimeSheet_SaveFunctionality" name="Test_VerifyUserCanEnterTime" time="0.03"/>
  <testcase classname="com.orion.qa.testcases.Test_SubmittedTimeSheet_SaveFunctionality" name="Test_VerifyUserAddAttachment" time="0.035">
    <failure type="java.lang.AssertionError" message="expected [false] but found [true]">
      <![CDATA[java.lang.AssertionError: expected [false] but found [true]
	at com.orion.qa.testcases.Test_SubmittedTimeSheet_SaveFunctionality.Test_VerifyUserAddAttachment(Test_SubmittedTimeSheet_SaveFunctionality.java:96)
... Removed 29 stack frames]]>
    </failure>
  </testcase> <!-- Test_VerifyUserAddAttachment -->
  <testcase classname="com.orion.qa.testcases.Test_SubmittedTimeSheet_SaveFunctionality" name="Test_VerifyUserAddcomment" time="0.0">
    <skipped/>
  </testcase> <!-- Test_VerifyUserAddcomment -->
  <testcase classname="com.orion.qa.testcases.Test_SubmittedTimeSheet_SaveFunctionality" name="Test_SaveButton_IsDisplayed" time="0.0">
    <skipped/>
  </testcase> <!-- Test_SaveButton_IsDisplayed -->
  <testcase classname="com.orion.qa.testcases.Test_SubmittedTimeSheet_SaveFunctionality" name="Test_LogoutfromOrion_IsSuccess" time="0.0">
    <skipped/>
  </testcase> <!-- Test_LogoutfromOrion_IsSuccess -->
</testsuite> <!-- OrionTimeSheet_Chrome_Test_SubmittedTimeSheet_SaveFunctionality -->
