<?xml version="1.0" encoding="UTF-8"?>
<!-- Generated by org.testng.reporters.JUnitXMLReporter -->
<testsuite ignored="0" hostname="DESKTOP-FKH366F" failures="0" tests="8" name="OrionTimeSheet_Chrome_Test_SubmittedTimeSheet_CancelFunctionality" time="23.127" errors="0" timestamp="09 May 2018 17:12:09 GMT">
  <testcase classname="com.orion.qa.testcases.Test_SubmittedTimeSheet_CancelFunctionality" name="Test_LoginToOrion_IsSuccess" time="1.811"/>
  <testcase classname="com.orion.qa.testcases.Test_SubmittedTimeSheet_CancelFunctionality" name="Test_IfEditTimeSheetPage_Isdisplayed" time="2.892"/>
  <testcase classname="com.orion.qa.testcases.Test_SubmittedTimeSheet_CancelFunctionality" name="Test_VerifyUserCanEnterTime" time="0.06"/>
  <testcase classname="com.orion.qa.testcases.Test_SubmittedTimeSheet_CancelFunctionality" name="Test_VerifyUserAddAttachment" time="0.063"/>
  <testcase classname="com.orion.qa.testcases.Test_SubmittedTimeSheet_CancelFunctionality" name="Test_VerifyUserAddcomment" time="0.065"/>
  <testcase classname="com.orion.qa.testcases.Test_SubmittedTimeSheet_CancelFunctionality" name="Test_CancelButton_IsDisplayed" time="0.077"/>
  <testcase classname="com.orion.qa.testcases.Test_SubmittedTimeSheet_CancelFunctionality" name="Test_VerifyCancelClick" time="0.479"/>
  <testcase classname="com.orion.qa.testcases.Test_SubmittedTimeSheet_CancelFunctionality" name="Test_LogoutfromOrion_IsSuccess" time="0.605"/>
</testsuite> <!-- OrionTimeSheet_Chrome_Test_SubmittedTimeSheet_CancelFunctionality -->
