<?xml version="1.0" encoding="UTF-8"?>
<!-- Generated by org.testng.reporters.JUnitXMLReporter -->
<testsuite ignored="0" hostname="DESKTOP-FKH366F" failures="0" tests="5" name="OrionTimeSheet_Chrome_Test_ApprovedTimeSheet_CancelFunctionality" time="15.858" errors="0" timestamp="26 Apr 2018 19:48:58 GMT">
  <testcase classname="com.orion.qa.testcases.Test_ApprovedTimeSheet_CancelFunctionality" name="Test_LoginToOrion_IsSuccess" time="1.607"/>
  <testcase classname="com.orion.qa.testcases.Test_ApprovedTimeSheet_CancelFunctionality" name="Test_IfEditTimeSheetPage_Isdisplayed" time="1.964"/>
  <testcase classname="com.orion.qa.testcases.Test_ApprovedTimeSheet_CancelFunctionality" name="Test_EditTimesheetScreenComponents_AreDisabled" time="0.132"/>
  <testcase classname="com.orion.qa.testcases.Test_ApprovedTimeSheet_CancelFunctionality" name="Test_ClickCancelExists" time="0.399"/>
  <testcase classname="com.orion.qa.testcases.Test_ApprovedTimeSheet_CancelFunctionality" name="Test_LogoutfromOrion_IsSuccess" time="0.484"/>
</testsuite> <!-- OrionTimeSheet_Chrome_Test_ApprovedTimeSheet_CancelFunctionality -->
