<?xml version="1.0" encoding="UTF-8"?>
<!-- Generated by org.testng.reporters.JUnitXMLReporter -->
<testsuite ignored="0" hostname="DESKTOP-FKH366F" failures="0" tests="4" name="OrionTimeSheet_Chrome_Test_RejectedTimeSheet_CancelFunctionality" time="17.172" errors="0" timestamp="26 Apr 2018 19:46:24 GMT">
  <testcase classname="com.orion.qa.testcases.Test_RejectedTimeSheet_CancelFunctionality" name="Test_LoginToOrion_IsSuccess" time="1.289"/>
  <testcase classname="com.orion.qa.testcases.Test_RejectedTimeSheet_CancelFunctionality" name="Test_IfEditTimeSheetPage_Isdisplayed" time="1.572"/>
  <testcase classname="com.orion.qa.testcases.Test_RejectedTimeSheet_CancelFunctionality" name="Test_IfDatanotSaved" time="3.03"/>
  <testcase classname="com.orion.qa.testcases.Test_RejectedTimeSheet_CancelFunctionality" name="Test_LogoutfromOrion_IsSuccess" time="0.467"/>
</testsuite> <!-- OrionTimeSheet_Chrome_Test_RejectedTimeSheet_CancelFunctionality -->
