<?xml version="1.0" encoding="UTF-8"?>
<!-- Generated by org.testng.reporters.JUnitXMLReporter -->
<testsuite ignored="0" hostname="DESKTOP-FKH366F" failures="0" tests="5" name="OrionTimeSheet_Chrome_Test_DraftTimeSheet_SubmitFunctionality" time="30.989" errors="0" timestamp="26 Apr 2018 19:33:25 GMT">
  <testcase classname="com.orion.qa.testcases.Test_DraftTimeSheet_SubmitFunctionality" name="Test_LoginToOrion_IsSuccess" time="0.615"/>
  <testcase classname="com.orion.qa.testcases.Test_DraftTimeSheet_SubmitFunctionality" name="Test_IfEditTimeSheetPage_Isdisplayed" time="2.59"/>
  <testcase classname="com.orion.qa.testcases.Test_DraftTimeSheet_SubmitFunctionality" name="Test_IfSubmitMessage_IsDisplayed" time="5.688"/>
  <testcase classname="com.orion.qa.testcases.Test_DraftTimeSheet_SubmitFunctionality" name="Test_IfDataSavedCorrectly" time="13.174"/>
  <testcase classname="com.orion.qa.testcases.Test_DraftTimeSheet_SubmitFunctionality" name="Test_LogoutfromOrion_IsSuccess" time="0.405"/>
</testsuite> <!-- OrionTimeSheet_Chrome_Test_DraftTimeSheet_SubmitFunctionality -->
