<?xml version="1.0" encoding="UTF-8"?>
<!-- Generated by org.testng.reporters.JUnitXMLReporter -->
<testsuite ignored="0" hostname="DESKTOP-FKH366F" failures="0" tests="4" name="OrionTimeSheet_Chrome_Test_PreApprovedTimeSheet_SaveFunctionality" time="44.62" errors="0" timestamp="09 May 2018 16:36:07 GMT">
  <testcase classname="com.orion.qa.testcases.Test_PreApprovedTimeSheet_SaveFunctionality" name="Test_LoginToOrion_IsSuccess" time="1.774"/>
  <testcase classname="com.orion.qa.testcases.Test_PreApprovedTimeSheet_SaveFunctionality" name="Test_IfEditTimeSheetPage_Isdisplayed" time="1.564"/>
  <testcase classname="com.orion.qa.testcases.Test_PreApprovedTimeSheet_SaveFunctionality" name="Test_SaveButton_IsDisplayed" time="30.14"/>
  <testcase classname="com.orion.qa.testcases.Test_PreApprovedTimeSheet_SaveFunctionality" name="Test_LogoutfromOrion_IsSuccess" time="0.543"/>
</testsuite> <!-- OrionTimeSheet_Chrome_Test_PreApprovedTimeSheet_SaveFunctionality -->
