<?xml version="1.0" encoding="UTF-8"?>
<!-- Generated by org.testng.reporters.JUnitXMLReporter -->
<testsuite ignored="0" hostname="DESKTOP-FKH366F" failures="0" tests="4" name="OrionTimeSheet_Chrome_Test_NewTimeSheet_CancelFunctionality" time="49.474" errors="0" timestamp="26 Apr 2018 19:31:39 GMT">
  <testcase classname="com.orion.qa.testcases.Test_NewTimeSheet_CancelFunctionality" name="Test_LoginToOrion_IsSuccess" time="0.708"/>
  <testcase classname="com.orion.qa.testcases.Test_NewTimeSheet_CancelFunctionality" name="Test_IfNewTimeSheetPage_Isdisplayed" time="2.071"/>
  <testcase classname="com.orion.qa.testcases.Test_NewTimeSheet_CancelFunctionality" name="Test_IfDatanotSaved" time="31.663"/>
  <testcase classname="com.orion.qa.testcases.Test_NewTimeSheet_CancelFunctionality" name="Test_LogoutfromOrion_IsSuccess" time="6.496"/>
</testsuite> <!-- OrionTimeSheet_Chrome_Test_NewTimeSheet_CancelFunctionality -->
