<?xml version="1.0" encoding="UTF-8"?>
<!-- Generated by org.testng.reporters.JUnitXMLReporter -->
<testsuite ignored="0" hostname="DESKTOP-FKH366F" failures="0" tests="8" name="OrionTimeSheet_Chrome_Test_SubmittedTimeSheet_CancelFunctionality" time="12.612" errors="0" timestamp="26 Apr 2018 19:33:37 GMT">
  <testcase classname="com.orion.qa.testcases.Test_SubmittedTimeSheet_CancelFunctionality" name="Test_LoginToOrion_IsSuccess" time="0.913"/>
  <testcase classname="com.orion.qa.testcases.Test_SubmittedTimeSheet_CancelFunctionality" name="Test_IfEditTimeSheetPage_Isdisplayed" time="2.095"/>
  <testcase classname="com.orion.qa.testcases.Test_SubmittedTimeSheet_CancelFunctionality" name="Test_VerifyUserCanEnterTime" time="0.035"/>
  <testcase classname="com.orion.qa.testcases.Test_SubmittedTimeSheet_CancelFunctionality" name="Test_VerifyUserAddAttachment" time="0.037"/>
  <testcase classname="com.orion.qa.testcases.Test_SubmittedTimeSheet_CancelFunctionality" name="Test_VerifyUserAddcomment" time="0.029"/>
  <testcase classname="com.orion.qa.testcases.Test_SubmittedTimeSheet_CancelFunctionality" name="Test_CancelButton_IsDisplayed" time="0.057"/>
  <testcase classname="com.orion.qa.testcases.Test_SubmittedTimeSheet_CancelFunctionality" name="Test_VerifyCancelClick" time="0.483"/>
  <testcase classname="com.orion.qa.testcases.Test_SubmittedTimeSheet_CancelFunctionality" name="Test_LogoutfromOrion_IsSuccess" time="0.384"/>
</testsuite> <!-- OrionTimeSheet_Chrome_Test_SubmittedTimeSheet_CancelFunctionality -->
