<?xml version="1.0" encoding="UTF-8"?>
<!-- Generated by org.testng.reporters.JUnitXMLReporter -->
<testsuite ignored="0" hostname="DESKTOP-FKH366F" failures="0" tests="4" name="OrionTimeSheet_Chrome_Test_DraftTimeSheet_CancelFunctionality" time="15.283" errors="0" timestamp="26 Apr 2018 16:21:08 GMT">
  <testcase classname="com.orion.qa.testcases.Test_DraftTimeSheet_CancelFunctionality" name="Test_LoginToOrion_IsSuccess" time="0.585"/>
  <testcase classname="com.orion.qa.testcases.Test_DraftTimeSheet_CancelFunctionality" name="Test_IfEditTimeSheetPage_Isdisplayed" time="2.358"/>
  <testcase classname="com.orion.qa.testcases.Test_DraftTimeSheet_CancelFunctionality" name="Test_IfDatanotSaved" time="3.048"/>
  <testcase classname="com.orion.qa.testcases.Test_DraftTimeSheet_CancelFunctionality" name="Test_LogoutfromOrion_IsSuccess" time="0.419"/>
</testsuite> <!-- OrionTimeSheet_Chrome_Test_DraftTimeSheet_CancelFunctionality -->
