<?xml version="1.0" encoding="UTF-8"?>
<!-- Generated by org.testng.reporters.JUnitXMLReporter -->
<testsuite ignored="0" hostname="DESKTOP-FKH366F" failures="0" tests="7" name="OrionTimeSheet_Chrome_Test_SubmittedTimeSheet_SubmittedFunctionality" time="40.835" errors="0" timestamp="26 Apr 2018 16:22:42 GMT">
  <testcase classname="com.orion.qa.testcases.Test_SubmittedTimeSheet_SubmitFunctionality" name="Test_LoginToOrion_IsSuccess" time="1.049"/>
  <testcase classname="com.orion.qa.testcases.Test_SubmittedTimeSheet_SubmitFunctionality" name="Test_IfEditTimeSheetPage_Isdisplayed" time="2.286"/>
  <testcase classname="com.orion.qa.testcases.Test_SubmittedTimeSheet_SubmitFunctionality" name="Test_VerifyUserCanEnterTime" time="0.031"/>
  <testcase classname="com.orion.qa.testcases.Test_SubmittedTimeSheet_SubmitFunctionality" name="Test_VerifyUserAddAttachment" time="0.035"/>
  <testcase classname="com.orion.qa.testcases.Test_SubmittedTimeSheet_SubmitFunctionality" name="Test_VerifyUserAddcomment" time="0.038"/>
  <testcase classname="com.orion.qa.testcases.Test_SubmittedTimeSheet_SubmitFunctionality" name="Test_SubmitButton_IsDisplayed" time="30.062"/>
  <testcase classname="com.orion.qa.testcases.Test_SubmittedTimeSheet_SubmitFunctionality" name="Test_LogoutfromOrion_IsSuccess" time="0.467"/>
</testsuite> <!-- OrionTimeSheet_Chrome_Test_SubmittedTimeSheet_SubmittedFunctionality -->
