<?xml version="1.0" encoding="UTF-8"?>
<!-- Generated by org.testng.reporters.JUnitXMLReporter -->
<testsuite ignored="0" hostname="DESKTOP-FKH366F" failures="0" tests="8" name="OrionTimeSheet_Chrome_Test_SubmittedTimeSheet_CancelFunctionality" time="11.164" errors="0" timestamp="26 Apr 2018 16:21:50 GMT">
  <testcase classname="com.orion.qa.testcases.Test_SubmittedTimeSheet_CancelFunctionality" name="Test_LoginToOrion_IsSuccess" time="0.829"/>
  <testcase classname="com.orion.qa.testcases.Test_SubmittedTimeSheet_CancelFunctionality" name="Test_IfEditTimeSheetPage_Isdisplayed" time="2.092"/>
  <testcase classname="com.orion.qa.testcases.Test_SubmittedTimeSheet_CancelFunctionality" name="Test_VerifyUserCanEnterTime" time="0.039"/>
  <testcase classname="com.orion.qa.testcases.Test_SubmittedTimeSheet_CancelFunctionality" name="Test_VerifyUserAddAttachment" time="0.047"/>
  <testcase classname="com.orion.qa.testcases.Test_SubmittedTimeSheet_CancelFunctionality" name="Test_VerifyUserAddcomment" time="0.032"/>
  <testcase classname="com.orion.qa.testcases.Test_SubmittedTimeSheet_CancelFunctionality" name="Test_CancelButton_IsDisplayed" time="0.056"/>
  <testcase classname="com.orion.qa.testcases.Test_SubmittedTimeSheet_CancelFunctionality" name="Test_VerifyCancelClick" time="0.666"/>
  <testcase classname="com.orion.qa.testcases.Test_SubmittedTimeSheet_CancelFunctionality" name="Test_LogoutfromOrion_IsSuccess" time="0.473"/>
</testsuite> <!-- OrionTimeSheet_Chrome_Test_SubmittedTimeSheet_CancelFunctionality -->
