<?xml version="1.0" encoding="UTF-8"?>
<!-- Generated by org.testng.reporters.JUnitXMLReporter -->
<testsuite ignored="0" hostname="DESKTOP-FKH366F" failures="0" tests="5" name="TestNGOrionTimeSheet_Chrome_Test_NewTimeSheet_SaveFunctionality" time="28.868" errors="0" timestamp="17 Apr 2018 20:23:49 GMT">
  <testcase classname="com.orion.qa.testcases.Test_NewTimeSheet_SaveFunctionality" name="Test_LoginToOrion_IsSuccess" time="0.783"/>
  <testcase classname="com.orion.qa.testcases.Test_NewTimeSheet_SaveFunctionality" name="Test_IfNewTimeSheetPage_Isdisplayed" time="1.898"/>
  <testcase classname="com.orion.qa.testcases.Test_NewTimeSheet_SaveFunctionality" name="Test_IfSaveMessage_IsDisplayed" time="2.969"/>
  <testcase classname="com.orion.qa.testcases.Test_NewTimeSheet_SaveFunctionality" name="Test_IfDataSavedCorrectly" time="12.444"/>
  <testcase classname="com.orion.qa.testcases.Test_NewTimeSheet_SaveFunctionality" name="Test_LogoutfromOrion_IsSuccess" time="0.449"/>
</testsuite> <!-- TestNGOrionTimeSheet_Chrome_Test_NewTimeSheet_SaveFunctionality -->
